Determining if the pthread_create exist failed with the following output:
Change Dir: /home/pkash/catkin_ws/build/CMakeFiles/CMakeTmp

Run Build Command:/usr/bin/make "cmTryCompileExec652546656/fast"
/usr/bin/make -f CMakeFiles/cmTryCompileExec652546656.dir/build.make CMakeFiles/cmTryCompileExec652546656.dir/build
make[1]: Entering directory `/home/pkash/catkin_ws/build/CMakeFiles/CMakeTmp'
/usr/bin/cmake -E cmake_progress_report /home/pkash/catkin_ws/build/CMakeFiles/CMakeTmp/CMakeFiles 1
Building C object CMakeFiles/cmTryCompileExec652546656.dir/CheckSymbolExists.c.o
/usr/bin/cc    -o CMakeFiles/cmTryCompileExec652546656.dir/CheckSymbolExists.c.o   -c /home/pkash/catkin_ws/build/CMakeFiles/CMakeTmp/CheckSymbolExists.c
Linking C executable cmTryCompileExec652546656
/usr/bin/cmake -E cmake_link_script CMakeFiles/cmTryCompileExec652546656.dir/link.txt --verbose=1
/usr/bin/cc       CMakeFiles/cmTryCompileExec652546656.dir/CheckSymbolExists.c.o  -o cmTryCompileExec652546656 -rdynamic 
CMakeFiles/cmTryCompileExec652546656.dir/CheckSymbolExists.c.o: In function `main':
CheckSymbolExists.c:(.text+0x16): undefined reference to `pthread_create'
collect2: error: ld returned 1 exit status
make[1]: Leaving directory `/home/pkash/catkin_ws/build/CMakeFiles/CMakeTmp'
make[1]: *** [cmTryCompileExec652546656] Error 1
make: *** [cmTryCompileExec652546656/fast] Error 2

File /home/pkash/catkin_ws/build/CMakeFiles/CMakeTmp/CheckSymbolExists.c:
/* */
#include <pthread.h>

int main(int argc, char** argv)
{
  (void)argv;
#ifndef pthread_create
  return ((int*)(&pthread_create))[argc];
#else
  (void)argc;
  return 0;
#endif
}

Determining if the function pthread_create exists in the pthreads failed with the following output:
Change Dir: /home/pkash/catkin_ws/build/CMakeFiles/CMakeTmp

Run Build Command:/usr/bin/make "cmTryCompileExec276958839/fast"
/usr/bin/make -f CMakeFiles/cmTryCompileExec276958839.dir/build.make CMakeFiles/cmTryCompileExec276958839.dir/build
make[1]: Entering directory `/home/pkash/catkin_ws/build/CMakeFiles/CMakeTmp'
/usr/bin/cmake -E cmake_progress_report /home/pkash/catkin_ws/build/CMakeFiles/CMakeTmp/CMakeFiles 1
Building C object CMakeFiles/cmTryCompileExec276958839.dir/CheckFunctionExists.c.o
/usr/bin/cc   -DCHECK_FUNCTION_EXISTS=pthread_create   -o CMakeFiles/cmTryCompileExec276958839.dir/CheckFunctionExists.c.o   -c /usr/share/cmake-2.8/Modules/CheckFunctionExists.c
Linking C executable cmTryCompileExec276958839
/usr/bin/cmake -E cmake_link_script CMakeFiles/cmTryCompileExec276958839.dir/link.txt --verbose=1
/usr/bin/cc   -DCHECK_FUNCTION_EXISTS=pthread_create    CMakeFiles/cmTryCompileExec276958839.dir/CheckFunctionExists.c.o  -o cmTryCompileExec276958839 -rdynamic -lpthreads 
/usr/bin/ld: cannot find -lpthreads
collect2: error: ld returned 1 exit status
make[1]: *** [cmTryCompileExec276958839] Error 1
make[1]: Leaving directory `/home/pkash/catkin_ws/build/CMakeFiles/CMakeTmp'
make: *** [cmTryCompileExec276958839/fast] Error 2


